  [1m[36m (9.4ms)[0m  [1mCREATE TABLE `schema_migrations` (`version` varchar(255) NOT NULL) ENGINE=InnoDB[0m
  [1m[35m (27.2ms)[0m  CREATE UNIQUE INDEX `unique_schema_migrations` ON `schema_migrations` (`version`) 
  [1m[36mActiveRecord::SchemaMigration Load (0.6ms)[0m  [1mSELECT `schema_migrations`.* FROM `schema_migrations`[0m
Migrating to CreateProducts (20140302151945)
  [1m[35m (6.8ms)[0m  CREATE TABLE `products` (`id` int(11) DEFAULT NULL auto_increment PRIMARY KEY, `title` varchar(255), `description` text, `in_stock_date` datetime, `manufacturer` varchar(255), `quantity` int(11), `created_at` datetime, `updated_at` datetime) ENGINE=InnoDB
  [1m[36m (0.2ms)[0m  [1mBEGIN[0m
  [1m[35mSQL (0.7ms)[0m  INSERT INTO `schema_migrations` (`version`) VALUES ('20140302151945')
  [1m[36m (2.9ms)[0m  [1mCOMMIT[0m
  [1m[35mActiveRecord::SchemaMigration Load (1.8ms)[0m  SELECT `schema_migrations`.* FROM `schema_migrations`


Started GET "/" for 127.0.0.1 at 2014-03-02 16:20:29 +0100
  [1m[36mActiveRecord::SchemaMigration Load (0.9ms)[0m  [1mSELECT `schema_migrations`.* FROM `schema_migrations`[0m
Processing by Rails::WelcomeController#index as HTML
  Rendered /home/ubuntu/.rvm/gems/ruby-2.0.0-p451/gems/railties-4.0.3/lib/rails/templates/rails/welcome/index.html.erb (3.1ms)
Completed 200 OK in 52ms (Views: 13.9ms | ActiveRecord: 0.0ms)


Started GET "/rails/info/properties" for 127.0.0.1 at 2014-03-02 16:20:39 +0100
Processing by Rails::InfoController#properties as HTML
  [1m[35mActiveRecord::SchemaMigration Load (0.6ms)[0m  SELECT `schema_migrations`.* FROM `schema_migrations`
  Rendered /home/ubuntu/.rvm/gems/ruby-2.0.0-p451/gems/railties-4.0.3/lib/rails/templates/rails/info/properties.html.erb (1.0ms)
Completed 200 OK in 31ms (Views: 18.6ms | ActiveRecord: 2.7ms)


Started GET "/product" for 127.0.0.1 at 2014-03-02 16:20:59 +0100

ActionController::RoutingError (No route matches [GET] "/product"):
  actionpack (4.0.3) lib/action_dispatch/middleware/debug_exceptions.rb:21:in `call'
  actionpack (4.0.3) lib/action_dispatch/middleware/show_exceptions.rb:30:in `call'
  railties (4.0.3) lib/rails/rack/logger.rb:38:in `call_app'
  railties (4.0.3) lib/rails/rack/logger.rb:20:in `block in call'
  activesupport (4.0.3) lib/active_support/tagged_logging.rb:67:in `block in tagged'
  activesupport (4.0.3) lib/active_support/tagged_logging.rb:25:in `tagged'
  activesupport (4.0.3) lib/active_support/tagged_logging.rb:67:in `tagged'
  railties (4.0.3) lib/rails/rack/logger.rb:20:in `call'
  actionpack (4.0.3) lib/action_dispatch/middleware/request_id.rb:21:in `call'
  rack (1.5.2) lib/rack/methodoverride.rb:21:in `call'
  rack (1.5.2) lib/rack/runtime.rb:17:in `call'
  activesupport (4.0.3) lib/active_support/cache/strategy/local_cache.rb:83:in `call'
  rack (1.5.2) lib/rack/lock.rb:17:in `call'
  actionpack (4.0.3) lib/action_dispatch/middleware/static.rb:64:in `call'
  rack (1.5.2) lib/rack/sendfile.rb:112:in `call'
  railties (4.0.3) lib/rails/engine.rb:511:in `call'
  railties (4.0.3) lib/rails/application.rb:97:in `call'
  rack (1.5.2) lib/rack/lock.rb:17:in `call'
  rack (1.5.2) lib/rack/content_length.rb:14:in `call'
  rack (1.5.2) lib/rack/handler/webrick.rb:60:in `service'
  /home/ubuntu/.rvm/rubies/ruby-2.0.0-p451/lib/ruby/2.0.0/webrick/httpserver.rb:138:in `service'
  /home/ubuntu/.rvm/rubies/ruby-2.0.0-p451/lib/ruby/2.0.0/webrick/httpserver.rb:94:in `run'
  /home/ubuntu/.rvm/rubies/ruby-2.0.0-p451/lib/ruby/2.0.0/webrick/server.rb:295:in `block in start_thread'


  Rendered /home/ubuntu/.rvm/gems/ruby-2.0.0-p451/gems/actionpack-4.0.3/lib/action_dispatch/middleware/templates/rescues/_trace.erb (3.7ms)
  Rendered /home/ubuntu/.rvm/gems/ruby-2.0.0-p451/gems/actionpack-4.0.3/lib/action_dispatch/middleware/templates/routes/_route.html.erb (4.0ms)
  Rendered /home/ubuntu/.rvm/gems/ruby-2.0.0-p451/gems/actionpack-4.0.3/lib/action_dispatch/middleware/templates/routes/_table.html.erb (9.4ms)
  Rendered /home/ubuntu/.rvm/gems/ruby-2.0.0-p451/gems/actionpack-4.0.3/lib/action_dispatch/middleware/templates/rescues/routing_error.erb within rescues/layout (65.5ms)


Started GET "/products" for 127.0.0.1 at 2014-03-02 16:21:02 +0100
Processing by ProductsController#index as HTML
  [1m[36mProduct Load (0.9ms)[0m  [1mSELECT `products`.* FROM `products`[0m
  Rendered products/index.html.erb within layouts/application (5.5ms)
Completed 200 OK in 1093ms (Views: 1087.7ms | ActiveRecord: 0.9ms)


Started GET "/assets/application.css?body=1" for 127.0.0.1 at 2014-03-02 16:21:03 +0100


Started GET "/assets/products.css?body=1" for 127.0.0.1 at 2014-03-02 16:21:03 +0100


Started GET "/assets/scaffolds.css?body=1" for 127.0.0.1 at 2014-03-02 16:21:03 +0100


Started GET "/assets/jquery_ujs.js?body=1" for 127.0.0.1 at 2014-03-02 16:21:03 +0100


Started GET "/assets/jquery.js?body=1" for 127.0.0.1 at 2014-03-02 16:21:03 +0100


Started GET "/assets/turbolinks.js?body=1" for 127.0.0.1 at 2014-03-02 16:21:03 +0100


Started GET "/assets/products.js?body=1" for 127.0.0.1 at 2014-03-02 16:21:03 +0100


Started GET "/assets/application.js?body=1" for 127.0.0.1 at 2014-03-02 16:21:03 +0100


Started GET "/products/new" for 127.0.0.1 at 2014-03-02 16:21:07 +0100
Processing by ProductsController#new as HTML
  Rendered products/_form.html.erb (71.1ms)
  Rendered products/new.html.erb within layouts/application (76.1ms)
Completed 200 OK in 99ms (Views: 88.6ms | ActiveRecord: 2.8ms)


Started POST "/products" for 127.0.0.1 at 2014-03-02 16:21:49 +0100
Processing by ProductsController#create as HTML
  Parameters: {"utf8"=>"✓", "authenticity_token"=>"oTY/vos15xx/NIOgXFJBEmlpcRHT7+MncZQxjGuRNhs=", "product"=>{"title"=>"Producto 1", "description"=>"Prodcuto 1 descripción", "in_stock_date(1i)"=>"2014", "in_stock_date(2i)"=>"3", "in_stock_date(3i)"=>"2", "in_stock_date(4i)"=>"15", "in_stock_date(5i)"=>"21", "manufacturer"=>"Fabricante 1", "quantity"=>"25"}, "commit"=>"Create Product"}
  [1m[35m (0.4ms)[0m  BEGIN
  [1m[36mSQL (1.2ms)[0m  [1mINSERT INTO `products` (`created_at`, `description`, `in_stock_date`, `manufacturer`, `quantity`, `title`, `updated_at`) VALUES ('2014-03-02 15:21:49', 'Prodcuto 1 descripción', '2014-03-02 15:21:00', 'Fabricante 1', 25, 'Producto 1', '2014-03-02 15:21:49')[0m
  [1m[35m (7.7ms)[0m  COMMIT
Redirected to http://localhost:3000/products/1
Completed 302 Found in 26ms (ActiveRecord: 9.4ms)


Started GET "/products/1" for 127.0.0.1 at 2014-03-02 16:21:49 +0100
Processing by ProductsController#show as HTML
  Parameters: {"id"=>"1"}
  [1m[36mProduct Load (0.8ms)[0m  [1mSELECT `products`.* FROM `products` WHERE `products`.`id` = 1 LIMIT 1[0m
  Rendered products/show.html.erb within layouts/application (4.6ms)
Completed 200 OK in 25ms (Views: 18.3ms | ActiveRecord: 0.8ms)


Started GET "/assets/application.css?body=1" for 127.0.0.1 at 2014-03-02 16:21:49 +0100


Started GET "/assets/scaffolds.css?body=1" for 127.0.0.1 at 2014-03-02 16:21:49 +0100


Started GET "/assets/products.css?body=1" for 127.0.0.1 at 2014-03-02 16:21:49 +0100


Started GET "/assets/jquery.js?body=1" for 127.0.0.1 at 2014-03-02 16:21:49 +0100


Started GET "/assets/jquery_ujs.js?body=1" for 127.0.0.1 at 2014-03-02 16:21:49 +0100


Started GET "/assets/turbolinks.js?body=1" for 127.0.0.1 at 2014-03-02 16:21:49 +0100


Started GET "/assets/products.js?body=1" for 127.0.0.1 at 2014-03-02 16:21:49 +0100


Started GET "/assets/application.js?body=1" for 127.0.0.1 at 2014-03-02 16:21:49 +0100


Started GET "/products" for 127.0.0.1 at 2014-03-02 16:21:55 +0100
Processing by ProductsController#index as HTML
  [1m[35mProduct Load (0.8ms)[0m  SELECT `products`.* FROM `products`
  Rendered products/index.html.erb within layouts/application (9.0ms)
Completed 200 OK in 21ms (Views: 17.9ms | ActiveRecord: 0.8ms)


Started GET "/products/new" for 127.0.0.1 at 2014-03-02 16:21:59 +0100
Processing by ProductsController#new as HTML
  Rendered products/_form.html.erb (58.3ms)
  Rendered products/new.html.erb within layouts/application (60.7ms)
Completed 200 OK in 75ms (Views: 72.2ms | ActiveRecord: 0.0ms)


Started POST "/products" for 127.0.0.1 at 2014-03-02 16:22:23 +0100
Processing by ProductsController#create as HTML
  Parameters: {"utf8"=>"✓", "authenticity_token"=>"oTY/vos15xx/NIOgXFJBEmlpcRHT7+MncZQxjGuRNhs=", "product"=>{"title"=>"Producto 2", "description"=>"Producto 2 descripción", "in_stock_date(1i)"=>"2014", "in_stock_date(2i)"=>"3", "in_stock_date(3i)"=>"2", "in_stock_date(4i)"=>"15", "in_stock_date(5i)"=>"21", "manufacturer"=>"Fabricante 1", "quantity"=>"10"}, "commit"=>"Create Product"}
  [1m[36m (0.8ms)[0m  [1mBEGIN[0m
  [1m[35mSQL (3.8ms)[0m  INSERT INTO `products` (`created_at`, `description`, `in_stock_date`, `manufacturer`, `quantity`, `title`, `updated_at`) VALUES ('2014-03-02 15:22:23', 'Producto 2 descripción', '2014-03-02 15:21:00', 'Fabricante 1', 10, 'Producto 2', '2014-03-02 15:22:23')
  [1m[36m (6.8ms)[0m  [1mCOMMIT[0m
Redirected to http://localhost:3000/products/2
Completed 302 Found in 30ms (ActiveRecord: 11.4ms)


Started GET "/products/2" for 127.0.0.1 at 2014-03-02 16:22:24 +0100
Processing by ProductsController#show as HTML
  Parameters: {"id"=>"2"}
  [1m[35mProduct Load (1.3ms)[0m  SELECT `products`.* FROM `products` WHERE `products`.`id` = 2 LIMIT 1
  Rendered products/show.html.erb within layouts/application (1.9ms)
Completed 200 OK in 16ms (Views: 11.5ms | ActiveRecord: 1.3ms)


Started GET "/assets/application.css?body=1" for 127.0.0.1 at 2014-03-02 16:22:24 +0100


Started GET "/assets/jquery_ujs.js?body=1" for 127.0.0.1 at 2014-03-02 16:22:24 +0100


Started GET "/assets/jquery.js?body=1" for 127.0.0.1 at 2014-03-02 16:22:24 +0100


Started GET "/assets/products.css?body=1" for 127.0.0.1 at 2014-03-02 16:22:24 +0100


Started GET "/assets/scaffolds.css?body=1" for 127.0.0.1 at 2014-03-02 16:22:24 +0100


Started GET "/assets/turbolinks.js?body=1" for 127.0.0.1 at 2014-03-02 16:22:24 +0100


Started GET "/assets/products.js?body=1" for 127.0.0.1 at 2014-03-02 16:22:24 +0100


Started GET "/assets/application.js?body=1" for 127.0.0.1 at 2014-03-02 16:22:24 +0100


Started GET "/products" for 127.0.0.1 at 2014-03-02 16:22:25 +0100
Processing by ProductsController#index as HTML
  [1m[36mProduct Load (1.1ms)[0m  [1mSELECT `products`.* FROM `products`[0m
  Rendered products/index.html.erb within layouts/application (6.8ms)
Completed 200 OK in 19ms (Views: 17.0ms | ActiveRecord: 1.1ms)


Started GET "/products" for 127.0.0.1 at 2014-03-02 19:50:53 +0100
  [1m[36mActiveRecord::SchemaMigration Load (0.6ms)[0m  [1mSELECT `schema_migrations`.* FROM `schema_migrations`[0m
Processing by ProductsController#index as HTML
  [1m[35mProduct Load (1.1ms)[0m  SELECT `products`.* FROM `products`
  Rendered products/index.html.erb within layouts/application (33.9ms)
Completed 200 OK in 194ms (Views: 144.3ms | ActiveRecord: 5.9ms)


Started GET "/assets/application.css?body=1" for 127.0.0.1 at 2014-03-02 19:50:53 +0100


Started GET "/assets/products.css?body=1" for 127.0.0.1 at 2014-03-02 19:50:54 +0100


Started GET "/assets/scaffolds.css?body=1" for 127.0.0.1 at 2014-03-02 19:50:54 +0100


Started GET "/assets/jquery_ujs.js?body=1" for 127.0.0.1 at 2014-03-02 19:50:54 +0100


Started GET "/assets/turbolinks.js?body=1" for 127.0.0.1 at 2014-03-02 19:50:54 +0100


Started GET "/assets/jquery.js?body=1" for 127.0.0.1 at 2014-03-02 19:50:54 +0100


Started GET "/assets/products.js?body=1" for 127.0.0.1 at 2014-03-02 19:50:54 +0100


Started GET "/assets/application.js?body=1" for 127.0.0.1 at 2014-03-02 19:50:54 +0100


Started DELETE "/products/1" for 127.0.0.1 at 2014-03-02 19:51:00 +0100
Processing by ProductsController#destroy as HTML
  Parameters: {"authenticity_token"=>"oTY/vos15xx/NIOgXFJBEmlpcRHT7+MncZQxjGuRNhs=", "id"=>"1"}
  [1m[36mProduct Load (1.2ms)[0m  [1mSELECT `products`.* FROM `products` WHERE `products`.`id` = 1 LIMIT 1[0m
  [1m[35m (0.3ms)[0m  BEGIN
  [1m[36mSQL (0.8ms)[0m  [1mDELETE FROM `products` WHERE `products`.`id` = 1[0m
  [1m[35m (11.0ms)[0m  COMMIT
Redirected to http://localhost:3000/products
Completed 302 Found in 38ms (ActiveRecord: 13.3ms)


Started GET "/products" for 127.0.0.1 at 2014-03-02 19:51:00 +0100
Processing by ProductsController#index as HTML
  [1m[36mProduct Load (1.2ms)[0m  [1mSELECT `products`.* FROM `products`[0m
  Rendered products/index.html.erb within layouts/application (6.5ms)
Completed 200 OK in 19ms (Views: 15.2ms | ActiveRecord: 1.2ms)


Started GET "/assets/application.css?body=1" for 127.0.0.1 at 2014-03-02 19:51:00 +0100


Started GET "/assets/jquery_ujs.js?body=1" for 127.0.0.1 at 2014-03-02 19:51:00 +0100


Started GET "/assets/products.css?body=1" for 127.0.0.1 at 2014-03-02 19:51:00 +0100


Started GET "/assets/turbolinks.js?body=1" for 127.0.0.1 at 2014-03-02 19:51:00 +0100


Started GET "/assets/scaffolds.css?body=1" for 127.0.0.1 at 2014-03-02 19:51:00 +0100


Started GET "/assets/jquery.js?body=1" for 127.0.0.1 at 2014-03-02 19:51:00 +0100


Started GET "/assets/products.js?body=1" for 127.0.0.1 at 2014-03-02 19:51:00 +0100


Started GET "/assets/application.js?body=1" for 127.0.0.1 at 2014-03-02 19:51:00 +0100


Started GET "/products/2/edit" for 127.0.0.1 at 2014-03-02 19:51:03 +0100
Processing by ProductsController#edit as HTML
  Parameters: {"id"=>"2"}
  [1m[35mProduct Load (0.7ms)[0m  SELECT `products`.* FROM `products` WHERE `products`.`id` = 2 LIMIT 1
  Rendered products/_form.html.erb (88.2ms)
  Rendered products/edit.html.erb within layouts/application (97.9ms)
Completed 200 OK in 114ms (Views: 108.3ms | ActiveRecord: 0.7ms)


Started GET "/products" for 127.0.0.1 at 2014-03-02 19:51:06 +0100
Processing by ProductsController#index as HTML
  [1m[36mProduct Load (0.5ms)[0m  [1mSELECT `products`.* FROM `products`[0m
  Rendered products/index.html.erb within layouts/application (10.5ms)
Completed 200 OK in 23ms (Views: 21.2ms | ActiveRecord: 0.5ms)


Started GET "/products/2" for 127.0.0.1 at 2014-03-02 19:51:08 +0100
Processing by ProductsController#show as HTML
  Parameters: {"id"=>"2"}
  [1m[35mProduct Load (1.8ms)[0m  SELECT `products`.* FROM `products` WHERE `products`.`id` = 2 LIMIT 1
  Rendered products/show.html.erb within layouts/application (3.6ms)
Completed 200 OK in 20ms (Views: 14.3ms | ActiveRecord: 1.8ms)


Started GET "/products" for 127.0.0.1 at 2014-03-02 19:51:10 +0100
Processing by ProductsController#index as HTML
  [1m[36mProduct Load (0.3ms)[0m  [1mSELECT `products`.* FROM `products`[0m
  Rendered products/index.html.erb within layouts/application (4.1ms)
Completed 200 OK in 21ms (Views: 18.4ms | ActiveRecord: 0.3ms)
